# JRE version: Java(TM) SE Runtime Environment (11.0.2+9) (build 11.0.2+9-LTS)
# Java VM: Java HotSpot(TM) 64-Bit Server VM (11.0.2+9-LTS, mixed mode, tiered, compressed oops, g1 gc, windows-amd64)
Heap:
 garbage-first heap   total 846848K, used 306780K [0x0000000081600000, 0x0000000100000000)
  region size 1024K, 0 young (0K), 0 survivors (0K)
 Metaspace       used 8492K, capacity 8656K, committed 8832K, reserved 1056768K
  class space    used 778K, capacity 818K, committed 896K, reserved 1048576K
GC Heap History (6 events):
Event: 11.659 GC heap before
{Heap before GC invocations=0 (full 0):
 garbage-first heap   total 131072K, used 55296K [0x0000000081600000, 0x0000000100000000)
  region size 1024K, 6 young (6144K), 0 survivors (0K)
 Metaspace       used 8492K, capacity 8656K, committed 8832K, reserved 1056768K
  class space    used 778K, capacity 818K, committed 896K, reserved 1048576K
}
Event: 11.815 GC heap after
{Heap after GC invocations=1 (full 0):
 garbage-first heap   total 131072K, used 52831K [0x0000000081600000, 0x0000000100000000)
  region size 1024K, 2 young (2048K), 2 survivors (2048K)
 Metaspace       used 8492K, capacity 8656K, committed 8832K, reserved 1056768K
  class space    used 778K, capacity 818K, committed 896K, reserved 1048576K
}
Event: 12.037 GC heap before
{Heap before GC invocations=2 (full 0):
 garbage-first heap   total 131072K, used 79455K [0x0000000081600000, 0x0000000100000000)
  region size 1024K, 2 young (2048K), 2 survivors (2048K)
 Metaspace       used 8492K, capacity 8656K, committed 8832K, reserved 1056768K
  class space    used 778K, capacity 818K, committed 896K, reserved 1048576K
}
Event: 12.251 GC heap after
{Heap after GC invocations=3 (full 0):
 garbage-first heap   total 131072K, used 79452K [0x0000000081600000, 0x0000000100000000)
  region size 1024K, 0 young (0K), 0 survivors (0K)
 Metaspace       used 8492K, capacity 8656K, committed 8832K, reserved 1056768K
  class space    used 778K, capacity 818K, committed 896K, reserved 1048576K
}
Event: 12.894 GC heap before
{Heap before GC invocations=4 (full 0):
 garbage-first heap   total 389120K, used 296540K [0x0000000081600000, 0x0000000100000000)
  region size 1024K, 0 young (0K), 0 survivors (0K)
 Metaspace       used 8492K, capacity 8656K, committed 8832K, reserved 1056768K
  class space    used 778K, capacity 818K, committed 896K, reserved 1048576K
}
Event: 12.895 GC heap after
{Heap after GC invocations=5 (full 0):
 garbage-first heap   total 389120K, used 296540K [0x0000000081600000, 0x0000000100000000)
  region size 1024K, 0 young (0K), 0 survivors (0K)
 Metaspace       used 8492K, capacity 8656K, committed 8832K, reserved 1056768K
  class space    used 778K, capacity 818K, committed 896K, reserved 1048576K
}

