# JRE version: Java(TM) SE Runtime Environment (11.0.2+9) (build 11.0.2+9-LTS)
# Java VM: Java HotSpot(TM) 64-Bit Server VM (11.0.2+9-LTS, mixed mode, tiered, compressed oops, g1 gc, windows-amd64)
Heap:
 garbage-first heap   total 572416K, used 205431K [0x0000000081600000, 0x0000000100000000)
  region size 1024K, 0 young (0K), 0 survivors (0K)
 Metaspace       used 8491K, capacity 8656K, committed 8832K, reserved 1056768K
  class space    used 778K, capacity 818K, committed 896K, reserved 1048576K
GC Heap History (6 events):
Event: 61.806 GC heap before
{Heap before GC invocations=0 (full 0):
 garbage-first heap   total 131072K, used 55296K [0x0000000081600000, 0x0000000100000000)
  region size 1024K, 6 young (6144K), 0 survivors (0K)
 Metaspace       used 8490K, capacity 8656K, committed 8832K, reserved 1056768K
  class space    used 778K, capacity 818K, committed 896K, reserved 1048576K
}
Event: 61.972 GC heap after
{Heap after GC invocations=1 (full 0):
 garbage-first heap   total 131072K, used 52821K [0x0000000081600000, 0x0000000100000000)
  region size 1024K, 1 young (1024K), 1 survivors (1024K)
 Metaspace       used 8490K, capacity 8656K, committed 8832K, reserved 1056768K
  class space    used 778K, capacity 818K, committed 896K, reserved 1048576K
}
Event: 62.195 GC heap before
{Heap before GC invocations=2 (full 0):
 garbage-first heap   total 131072K, used 79445K [0x0000000081600000, 0x0000000100000000)
  region size 1024K, 1 young (1024K), 1 survivors (1024K)
 Metaspace       used 8491K, capacity 8656K, committed 8832K, reserved 1056768K
  class space    used 778K, capacity 818K, committed 896K, reserved 1048576K
}
Event: 62.411 GC heap after
{Heap after GC invocations=3 (full 0):
 garbage-first heap   total 131072K, used 79479K [0x0000000081600000, 0x0000000100000000)
  region size 1024K, 0 young (0K), 0 survivors (0K)
 Metaspace       used 8491K, capacity 8656K, committed 8832K, reserved 1056768K
  class space    used 778K, capacity 818K, committed 896K, reserved 1048576K
}
Event: 62.793 GC heap before
{Heap before GC invocations=4 (full 0):
 garbage-first heap   total 267264K, used 174711K [0x0000000081600000, 0x0000000100000000)
  region size 1024K, 0 young (0K), 0 survivors (0K)
 Metaspace       used 8491K, capacity 8656K, committed 8832K, reserved 1056768K
  class space    used 778K, capacity 818K, committed 896K, reserved 1048576K
}
Event: 62.794 GC heap after
{Heap after GC invocations=5 (full 0):
 garbage-first heap   total 267264K, used 174711K [0x0000000081600000, 0x0000000100000000)
  region size 1024K, 0 young (0K), 0 survivors (0K)
 Metaspace       used 8491K, capacity 8656K, committed 8832K, reserved 1056768K
  class space    used 778K, capacity 818K, committed 896K, reserved 1048576K
}

